/home/lil-g/.local/share/JetBrains/Toolbox/apps/CLion/ch-0/171.2613.3/bin/cmake/bin/cmake -DCMAKE_BUILD_TYPE=Debug -G "CodeBlocks - Unix Makefiles" /run/user/1000/gvfs/sftp:host=10.7.100.91,user=pi/home/pi/opencv/tests
-- The C compiler identification is Clang 3.8.0
-- The CXX compiler identification is Clang 3.8.0
-- Check for working C compiler: /usr/bin/cc
-- Check for working C compiler: /usr/bin/cc -- broken
CMake Error at /home/lil-g/.local/share/JetBrains/Toolbox/apps/CLion/ch-0/171.2613.3/bin/cmake/share/cmake-3.6/Modules/CMakeTestCCompiler.cmake:61 (message):
  The C compiler "/usr/bin/cc" is not able to compile a simple test program.

  It fails with the following output:

   Change Dir: /run/user/1000/gvfs/sftp:host=10.7.100.91,user=pi/home/pi/opencv/tests/cmake-build-debug/CMakeFiles/CMakeTmp

  

  Run Build Command:"/usr/bin/make" "cmTC_6ce43/fast"

  /usr/bin/make -f CMakeFiles/cmTC_6ce43.dir/build.make
  CMakeFiles/cmTC_6ce43.dir/build

  make[1]: Entering directory
  '/run/user/1000/gvfs/sftp:host=10.7.100.91,user=pi/home/pi/opencv/tests/cmake-build-debug/CMakeFiles/CMakeTmp'


  Building C object CMakeFiles/cmTC_6ce43.dir/testCCompiler.c.o

  /usr/bin/cc -o CMakeFiles/cmTC_6ce43.dir/testCCompiler.c.o -c
  /run/user/1000/gvfs/sftp:host=10.7.100.91,user=pi/home/pi/opencv/tests/cmake-build-debug/CMakeFiles/CMakeTmp/testCCompiler.c


  Linking C executable cmTC_6ce43

  
  /home/lil-g/.local/share/JetBrains/Toolbox/apps/CLion/ch-0/171.2613.3/bin/cmake/bin/cmake
  -E cmake_link_script CMakeFiles/cmTC_6ce43.dir/link.txt --verbose=1

  /usr/bin/cc CMakeFiles/cmTC_6ce43.dir/testCCompiler.c.o -o cmTC_6ce43

  /usr/bin/ld: final link failed: Operation not supported

  clang: error: linker command failed with exit code 1 (use -v to see
  invocation)

  CMakeFiles/cmTC_6ce43.dir/build.make:97: recipe for target 'cmTC_6ce43'
  failed

  make[1]: *** [cmTC_6ce43] Error 1

  make[1]: Leaving directory
  '/run/user/1000/gvfs/sftp:host=10.7.100.91,user=pi/home/pi/opencv/tests/cmake-build-debug/CMakeFiles/CMakeTmp'


  Makefile:126: recipe for target 'cmTC_6ce43/fast' failed

  make: *** [cmTC_6ce43/fast] Error 2

  

  

  CMake will not be able to correctly generate this project.
Call Stack (most recent call first):
  CMakeLists.txt:2 (project)


-- Configuring incomplete, errors occurred!
See also "/run/user/1000/gvfs/sftp:host=10.7.100.91,user=pi/home/pi/opencv/tests/cmake-build-debug/CMakeFiles/CMakeOutput.log".
See also "/run/user/1000/gvfs/sftp:host=10.7.100.91,user=pi/home/pi/opencv/tests/cmake-build-debug/CMakeFiles/CMakeError.log".
